This is pdfTeX, Version 3.1415926-2.5-1.40.14 (TeX Live 2013/Debian) (format=pdflatex 2015.11.27)  2 FEB 2016 14:22
entering extended mode
 restricted \write18 enabled.
 %&-line parsing enabled.
**Main.tex
(./Main.tex
LaTeX2e <2011/06/27>
Babel <3.9h> and hyphenation patterns for 78 languages loaded.
(/usr/share/texlive/texmf-dist/tex/latex/base/report.cls
Document Class: report 2007/10/19 v1.4h Standard LaTeX document class
(/usr/share/texlive/texmf-dist/tex/latex/base/size11.clo
File: size11.clo 2007/10/19 v1.4h Standard LaTeX file (size option)
)
\c@part=\count79
\c@chapter=\count80
\c@section=\count81
\c@subsection=\count82
\c@subsubsection=\count83
\c@paragraph=\count84
\c@subparagraph=\count85
\c@figure=\count86
\c@table=\count87
\abovecaptionskip=\skip41
\belowcaptionskip=\skip42
\bibindent=\dimen102
)
(/usr/share/texlive/texmf-dist/tex/latex/base/inputenc.sty
Package: inputenc 2008/03/30 v1.1d Input encoding file
\inpenc@prehook=\toks14
\inpenc@posthook=\toks15

(/usr/share/texlive/texmf-dist/tex/latex/base/latin1.def
File: latin1.def 2008/03/30 v1.1d Input encoding file
))
(/usr/share/texlive/texmf-dist/tex/generic/babel/babel.sty
Package: babel 2013/12/03 3.9h The Babel package

(/usr/share/texlive/texmf-dist/tex/generic/babel-italian/italian.ldf
Language: italian 2013/11/22 v1.3f Italian support from the babel system

(/usr/share/texlive/texmf-dist/tex/generic/babel/babel.def
File: babel.def 2013/12/03 3.9h Babel common definitions
\babel@savecnt=\count88
\U@D=\dimen103
)
\it@lettering=\count89
Package babel Info: Making " an active character on input line 98.
\Virgola=\count90
))
(/usr/share/texlive/texmf-dist/tex/latex/etoolbox/etoolbox.sty
Package: etoolbox 2011/01/03 v2.1 e-TeX tools for LaTeX

(/usr/share/texlive/texmf-dist/tex/latex/etex-pkg/etex.sty
Package: etex 1998/03/26 v2.0 eTeX basic definition package (PEB)
\et@xins=\count91
)
\etb@tempcnta=\count92
)
(/usr/share/texlive/texmf-dist/tex/latex/hyperref/hyperref.sty
Package: hyperref 2012/11/06 v6.83m Hypertext links for LaTeX

(/usr/share/texlive/texmf-dist/tex/generic/oberdiek/hobsub-hyperref.sty
Package: hobsub-hyperref 2012/05/28 v1.13 Bundle oberdiek, subset hyperref (HO)


(/usr/share/texlive/texmf-dist/tex/generic/oberdiek/hobsub-generic.sty
Package: hobsub-generic 2012/05/28 v1.13 Bundle oberdiek, subset generic (HO)
Package: hobsub 2012/05/28 v1.13 Construct package bundles (HO)
Package: infwarerr 2010/04/08 v1.3 Providing info/warning/error messages (HO)
Package: ltxcmds 2011/11/09 v1.22 LaTeX kernel commands for general use (HO)
Package: ifluatex 2010/03/01 v1.3 Provides the ifluatex switch (HO)
Package ifluatex Info: LuaTeX not detected.
Package: ifvtex 2010/03/01 v1.5 Detect VTeX and its facilities (HO)
Package ifvtex Info: VTeX not detected.
Package: intcalc 2007/09/27 v1.1 Expandable calculations with integers (HO)
Package: ifpdf 2011/01/30 v2.3 Provides the ifpdf switch (HO)
Package ifpdf Info: pdfTeX in PDF mode is detected.
Package: etexcmds 2011/02/16 v1.5 Avoid name clashes with e-TeX commands (HO)
Package etexcmds Info: Could not find \expanded.
(etexcmds)             That can mean that you are not using pdfTeX 1.50 or
(etexcmds)             that some package has redefined \expanded.
(etexcmds)             In the latter case, load this package earlier.
Package: kvsetkeys 2012/04/25 v1.16 Key value parser (HO)
Package: kvdefinekeys 2011/04/07 v1.3 Define keys (HO)
Package: pdftexcmds 2011/11/29 v0.20 Utility functions of pdfTeX for LuaTeX (HO
)
Package pdftexcmds Info: LuaTeX not detected.
Package pdftexcmds Info: \pdf@primitive is available.
Package pdftexcmds Info: \pdf@ifprimitive is available.
Package pdftexcmds Info: \pdfdraftmode found.
Package: pdfescape 2011/11/25 v1.13 Implements pdfTeX's escape features (HO)
Package: bigintcalc 2012/04/08 v1.3 Expandable calculations on big integers (HO
)
Package: bitset 2011/01/30 v1.1 Handle bit-vector datatype (HO)
Package: uniquecounter 2011/01/30 v1.2 Provide unlimited unique counter (HO)
)
Package hobsub Info: Skipping package `hobsub' (already loaded).
Package: letltxmacro 2010/09/02 v1.4 Let assignment for LaTeX macros (HO)
Package: hopatch 2012/05/28 v1.2 Wrapper for package hooks (HO)
Package: xcolor-patch 2011/01/30 xcolor patch
Package: atveryend 2011/06/30 v1.8 Hooks at the very end of document (HO)
Package: atbegshi 2011/10/05 v1.16 At begin shipout hook (HO)
Package: refcount 2011/10/16 v3.4 Data extraction from label references (HO)
Package: hycolor 2011/01/30 v1.7 Color options for hyperref/bookmark (HO)
)
(/usr/share/texlive/texmf-dist/tex/latex/graphics/keyval.sty
Package: keyval 1999/03/16 v1.13 key=value parser (DPC)
\KV@toks@=\toks16
)
(/usr/share/texlive/texmf-dist/tex/generic/ifxetex/ifxetex.sty
Package: ifxetex 2010/09/12 v0.6 Provides ifxetex conditional
)
(/usr/share/texlive/texmf-dist/tex/latex/oberdiek/auxhook.sty
Package: auxhook 2011/03/04 v1.3 Hooks for auxiliary files (HO)
)
(/usr/share/texlive/texmf-dist/tex/latex/oberdiek/kvoptions.sty
Package: kvoptions 2011/06/30 v3.11 Key value format for package options (HO)
)
\@linkdim=\dimen104
\Hy@linkcounter=\count93
\Hy@pagecounter=\count94

(/usr/share/texlive/texmf-dist/tex/latex/hyperref/pd1enc.def
File: pd1enc.def 2012/11/06 v6.83m Hyperref: PDFDocEncoding definition (HO)
)
\Hy@SavedSpaceFactor=\count95

(/usr/share/texlive/texmf-dist/tex/latex/latexconfig/hyperref.cfg
File: hyperref.cfg 2002/06/06 v1.2 hyperref configuration of TeXLive
)
Package hyperref Info: Hyper figures OFF on input line 4443.
Package hyperref Info: Link nesting OFF on input line 4448.
Package hyperref Info: Hyper index ON on input line 4451.
Package hyperref Info: Plain pages OFF on input line 4458.
Package hyperref Info: Backreferencing OFF on input line 4463.
Package hyperref Info: Implicit mode ON; LaTeX internals redefined.
Package hyperref Info: Bookmarks ON on input line 4688.
\c@Hy@tempcnt=\count96

(/usr/share/texlive/texmf-dist/tex/latex/url/url.sty
\Urlmuskip=\muskip10
Package: url 2013/09/16  ver 3.4  Verb mode for urls, etc.
)
LaTeX Info: Redefining \url on input line 5041.
\XeTeXLinkMargin=\dimen105
\Fld@menulength=\count97
\Field@Width=\dimen106
\Fld@charsize=\dimen107
Package hyperref Info: Hyper figures OFF on input line 6295.
Package hyperref Info: Link nesting OFF on input line 6300.
Package hyperref Info: Hyper index ON on input line 6303.
Package hyperref Info: backreferencing OFF on input line 6310.
Package hyperref Info: Link coloring OFF on input line 6315.
Package hyperref Info: Link coloring with OCG OFF on input line 6320.
Package hyperref Info: PDF/A mode OFF on input line 6325.
LaTeX Info: Redefining \ref on input line 6365.
LaTeX Info: Redefining \pageref on input line 6369.
\Hy@abspage=\count98
\c@Item=\count99
\c@Hfootnote=\count100
)

Package hyperref Message: Driver (autodetected): hpdftex.

(/usr/share/texlive/texmf-dist/tex/latex/hyperref/hpdftex.def
File: hpdftex.def 2012/11/06 v6.83m Hyperref driver for pdfTeX
\Fld@listcount=\count101
\c@bookmark@seq@number=\count102

(/usr/share/texlive/texmf-dist/tex/latex/oberdiek/rerunfilecheck.sty
Package: rerunfilecheck 2011/04/15 v1.7 Rerun checks for auxiliary files (HO)
Package uniquecounter Info: New unique counter `rerunfilecheck' on input line 2
82.
)
\Hy@SectionHShift=\skip43
)
Package hyperref Info: Option `colorlinks' set `true' on input line 19.

(/usr/share/texlive/texmf-dist/tex/latex/amsmath/amsmath.sty
Package: amsmath 2013/01/14 v2.14 AMS math features
\@mathmargin=\skip44

For additional information on amsmath, use the `?' option.
(/usr/share/texlive/texmf-dist/tex/latex/amsmath/amstext.sty
Package: amstext 2000/06/29 v2.01

(/usr/share/texlive/texmf-dist/tex/latex/amsmath/amsgen.sty
File: amsgen.sty 1999/11/30 v2.0
\@emptytoks=\toks17
\ex@=\dimen108
))
(/usr/share/texlive/texmf-dist/tex/latex/amsmath/amsbsy.sty
Package: amsbsy 1999/11/29 v1.2d
\pmbraise@=\dimen109
)
(/usr/share/texlive/texmf-dist/tex/latex/amsmath/amsopn.sty
Package: amsopn 1999/12/14 v2.01 operator names
)
\inf@bad=\count103
LaTeX Info: Redefining \frac on input line 210.
\uproot@=\count104
\leftroot@=\count105
LaTeX Info: Redefining \overline on input line 306.
\classnum@=\count106
\DOTSCASE@=\count107
LaTeX Info: Redefining \ldots on input line 378.
LaTeX Info: Redefining \dots on input line 381.
LaTeX Info: Redefining \cdots on input line 466.
\Mathstrutbox@=\box26
\strutbox@=\box27
\big@size=\dimen110
LaTeX Font Info:    Redeclaring font encoding OML on input line 566.
LaTeX Font Info:    Redeclaring font encoding OMS on input line 567.
\macc@depth=\count108
\c@MaxMatrixCols=\count109
\dotsspace@=\muskip11
\c@parentequation=\count110
\dspbrk@lvl=\count111
\tag@help=\toks18
\row@=\count112
\column@=\count113
\maxfields@=\count114
\andhelp@=\toks19
\eqnshift@=\dimen111
\alignsep@=\dimen112
\tagshift@=\dimen113
\tagwidth@=\dimen114
\totwidth@=\dimen115
\lineht@=\dimen116
\@envbody=\toks20
\multlinegap=\skip45
\multlinetaggap=\skip46
\mathdisplay@stack=\toks21
LaTeX Info: Redefining \[ on input line 2665.
LaTeX Info: Redefining \] on input line 2666.
)
(/usr/share/texlive/texmf-dist/tex/latex/graphics/graphicx.sty
Package: graphicx 1999/02/16 v1.0f Enhanced LaTeX Graphics (DPC,SPQR)

(/usr/share/texlive/texmf-dist/tex/latex/graphics/graphics.sty
Package: graphics 2009/02/05 v1.0o Standard LaTeX Graphics (DPC,SPQR)

(/usr/share/texlive/texmf-dist/tex/latex/graphics/trig.sty
Package: trig 1999/03/16 v1.09 sin cos tan (DPC)
)
(/usr/share/texlive/texmf-dist/tex/latex/latexconfig/graphics.cfg
File: graphics.cfg 2010/04/23 v1.9 graphics configuration of TeX Live
)
Package graphics Info: Driver file: pdftex.def on input line 91.

(/usr/share/texlive/texmf-dist/tex/latex/pdftex-def/pdftex.def
File: pdftex.def 2011/05/27 v0.06d Graphics/color for pdfTeX
\Gread@gobject=\count115
))
\Gin@req@height=\dimen117
\Gin@req@width=\dimen118
)
(/usr/share/texlive/texmf-dist/tex/latex/float/float.sty
Package: float 2001/11/08 v1.3d Float enhancements (AL)
\c@float@type=\count116
\float@exts=\toks22
\float@box=\box28
\@float@everytoks=\toks23
\@floatcapt=\box29
) (./Main.aux)
\openout1 = `Main.aux'.

LaTeX Font Info:    Checking defaults for OML/cmm/m/it on input line 31.
LaTeX Font Info:    ... okay on input line 31.
LaTeX Font Info:    Checking defaults for T1/cmr/m/n on input line 31.
LaTeX Font Info:    ... okay on input line 31.
LaTeX Font Info:    Checking defaults for OT1/cmr/m/n on input line 31.
LaTeX Font Info:    ... okay on input line 31.
LaTeX Font Info:    Checking defaults for OMS/cmsy/m/n on input line 31.
LaTeX Font Info:    ... okay on input line 31.
LaTeX Font Info:    Checking defaults for OMX/cmex/m/n on input line 31.
LaTeX Font Info:    ... okay on input line 31.
LaTeX Font Info:    Checking defaults for U/cmr/m/n on input line 31.
LaTeX Font Info:    ... okay on input line 31.
LaTeX Font Info:    Checking defaults for PD1/pdf/m/n on input line 31.
LaTeX Font Info:    ... okay on input line 31.
LaTeX Info: Redefining \it@ocap on input line 31.
LaTeX Info: Redefining \it@ccap on input line 31.


File italian.ldf warning: 
italian.ldf    With OT1 encoding guillemets are poorly faked
italian.ldf    Use T1 encoding
italian.ldf    or specify a font with command \CaporaliFrom
italian.ldf    See the documentation concerning the babel-italian typesetting 
italian.ldf    on input line 31.

\AtBeginShipoutBox=\box30
(/usr/share/texlive/texmf-dist/tex/latex/graphics/color.sty
Package: color 2005/11/14 v1.0j Standard LaTeX Color (DPC)

(/usr/share/texlive/texmf-dist/tex/latex/latexconfig/color.cfg
File: color.cfg 2007/01/18 v1.5 color configuration of teTeX/TeXLive
)
Package color Info: Driver file: pdftex.def on input line 130.
)
Package hyperref Info: Link coloring ON on input line 31.

(/usr/share/texlive/texmf-dist/tex/latex/hyperref/nameref.sty
Package: nameref 2012/10/27 v2.43 Cross-referencing by name of section

(/usr/share/texlive/texmf-dist/tex/generic/oberdiek/gettitlestring.sty
Package: gettitlestring 2010/12/03 v1.4 Cleanup title references (HO)
)
\c@section@level=\count117
)
LaTeX Info: Redefining \ref on input line 31.
LaTeX Info: Redefining \pageref on input line 31.
LaTeX Info: Redefining \nameref on input line 31.

(./Main.out) (./Main.out)
\@outlinefile=\write3
\openout3 = `Main.out'.


(/usr/share/texlive/texmf-dist/tex/context/base/supp-pdf.mkii
[Loading MPS to PDF converter (version 2006.09.02).]
\scratchcounter=\count118
\scratchdimen=\dimen119
\scratchbox=\box31
\nofMPsegments=\count119
\nofMParguments=\count120
\everyMPshowfont=\toks24
\MPscratchCnt=\count121
\MPscratchDim=\dimen120
\MPnumerator=\count122
\makeMPintoPDFobject=\count123
\everyMPtoPDFconversion=\toks25
) (/usr/share/texlive/texmf-dist/tex/latex/oberdiek/epstopdf-base.sty
Package: epstopdf-base 2010/02/09 v2.5 Base part for package epstopdf

(/usr/share/texlive/texmf-dist/tex/latex/oberdiek/grfext.sty
Package: grfext 2010/08/19 v1.1 Manage graphics extensions (HO)
)
Package grfext Info: Graphics extension search list:
(grfext)             [.png,.pdf,.jpg,.mps,.jpeg,.jbig2,.jb2,.PNG,.PDF,.JPG,.JPE
G,.JBIG2,.JB2,.eps]
(grfext)             \AppendGraphicsExtensions on input line 452.

(/usr/share/texlive/texmf-dist/tex/latex/latexconfig/epstopdf-sys.cfg
File: epstopdf-sys.cfg 2010/07/13 v1.3 Configuration of (r)epstopdf for TeX Liv
e
))
(./Main.toc [1


{/var/lib/texmf/fonts/map/pdftex/updmap/pdftex.map}] [2])
\tf@toc=\write4
\openout4 = `Main.toc'.


[3] (./Main.lof)
\tf@lof=\write5
\openout5 = `Main.lof'.

 [4

]
Capitolo 1.
[1

] [2] [3] [4]
Capitolo 2.
LaTeX Font Info:    Try loading font information for OMS+cmr on input line 82.
(/usr/share/texlive/texmf-dist/tex/latex/base/omscmr.fd
File: omscmr.fd 1999/05/25 v2.5h Standard LaTeX font definitions
)
LaTeX Font Info:    Font shape `OMS/cmr/m/n' in size <10.95> not available
(Font)              Font shape `OMS/cmsy/m/n' tried instead on input line 82.

Overfull \hbox (5.5176pt too wide) in paragraph at lines 83--84
[]\OT1/cmr/m/n/10.95 HTTP: il pro-to-col-lo di re-te (li-vel-lo di ap-pli-ca-zi
o-ne del mo-del-lo ISO/OSI)
 []

[5

]
Overfull \hbox (1.41125pt too wide) in paragraph at lines 103--104
\OT1/cmr/m/n/10.95 Con il ter-mi-ne web se-man-ti-co, ter-mi-ne co-nia-to dal s
uo idea-to-re, Tim Berners-
 []

[6] [7] [8] [9]
<./images/linked_data_cloud_2009.png, id=375, 1148.29pt x 860.21375pt>
File: ./images/linked_data_cloud_2009.png Graphic file (type png)

<use ./images/linked_data_cloud_2009.png>
Package pdftex.def Info: ./images/linked_data_cloud_2009.png used on input line
 168.
(pdftex.def)             Requested size: 288.0011pt x 215.74857pt.

<./images/linked_data_cloud_2014.png, id=376, 1027.84pt x 672.5125pt>
File: ./images/linked_data_cloud_2014.png Graphic file (type png)

<use ./images/linked_data_cloud_2014.png>
Package pdftex.def Info: ./images/linked_data_cloud_2014.png used on input line
 174.
(pdftex.def)             Requested size: 360.0pt x 235.54709pt.
 [10pdfTeX warning (ext4): destination with the same identifier (name{figure.2.
1}) has been already used, duplicate ignored

\AtBegShi@Output ...ipout \box \AtBeginShipoutBox 
                                                  \fi \fi 
l.178  I
        l numero di dataset è cresciuto a dismisura e continuano ad aumentar...
 <./images/linked_data_cloud_2009.png>] [11pdfTeX warning (ext4): destination w
ith the same identifier (name{figure.2.2}) has been already used, duplicate ign
ored

\AtBegShi@Output ...ipout \box \AtBeginShipoutBox 
                                                  \fi \fi 
l.189 
       <./images/linked_data_cloud_2014.png>] [12]
LaTeX Font Info:    Font shape `OT1/cmtt/bx/n' in size <10.95> not available
(Font)              Font shape `OT1/cmtt/m/n' tried instead on input line 216.

<./images/tripla_esempio.png, id=395, 775.698pt x 631.961pt>
File: ./images/tripla_esempio.png Graphic file (type png)

<use ./images/tripla_esempio.png>
Package pdftex.def Info: ./images/tripla_esempio.png used on input line 228.
(pdftex.def)             Requested size: 288.0011pt x 234.63191pt.
 [13] [14pdfTeX warning (ext4): destination with the same identifier (name{figu
re.2.3}) has been already used, duplicate ignored

\AtBegShi@Output ...ipout \box \AtBeginShipoutBox 
                                                  \fi \fi 
l.238 \subsection
                 *{Serializzazione} <./images/tripla_esempio.png>] [15]
Overfull \hbox (21.04886pt too wide) in paragraph at lines 258--260
\OT1/cmr/m/n/10.95 SPARQL (acro-ni-mo ri-cor-si-vo per \OT1/cmr/bx/n/10.95 S\OT
1/cmr/m/n/10.95 PARQL \OT1/cmr/bx/n/10.95 P\OT1/cmr/m/n/10.95 rotocol \OT1/cmr/
bx/n/10.95 a\OT1/cmr/m/n/10.95 nd \OT1/cmr/bx/n/10.95 R\OT1/cmr/m/n/10.95 DF \O
T1/cmr/bx/n/10.95 Q\OT1/cmr/m/n/10.95 uery \OT1/cmr/bx/n/10.95 L\OT1/cmr/m/n/10
.95 anguage)
 []

[16]
LaTeX Font Info:    Try loading font information for OMS+cmtt on input line 272
.
LaTeX Font Info:    No file OMScmtt.fd. on input line 272.


LaTeX Font Warning: Font shape `OMS/cmtt/m/n' undefined
(Font)              using `OMS/cmsy/m/n' instead
(Font)              for symbol `textbraceleft' on input line 272.

[17] [18]
Capitolo 3.
[19

] [20] [21] [22] [23] [24]
Capitolo 4.
[25

] <./images/datamodel.png, id=465, 484.81125pt x 563.10374pt>
File: ./images/datamodel.png Graphic file (type png)

<use ./images/datamodel.png>
Package pdftex.def Info: ./images/datamodel.png used on input line 382.
(pdftex.def)             Requested size: 360.0pt x 418.15953pt.
 [26] [27pdfTeX warning (ext4): destination with the same identifier (name{figu
re.4.1}) has been already used, duplicate ignored

\AtBegShi@Output ...ipout \box \AtBeginShipoutBox 
                                                  \fi \fi 
l.391 G
       li attributi \textit{oraInizio} e \textit{oraFine} specificano la fas...
 <./images/datamodel.png>] [28] [29] [30] [31]
Capitolo 5.
[32

] [33] [34] [35]
Overfull \hbox (92.66418pt too wide) in paragraph at lines 532--533
\OT1/cmr/m/n/10.95 Esempio: \OT1/cmtt/m/n/10.95 http://www.fao.org/aims/aos/fi/
species[]taxonomic.owl#ID[]31005[]2118\OT1/cmr/m/n/10.95 ; 
 []

[36] [37]
Capitolo 6.
[38

]
Overfull \hbox (55.51575pt too wide) detected at line 575
\OML/cmm/m/it/10.95 sim\OT1/cmr/m/n/10.95 (\OML/cmm/m/it/10.95 FRANCE; FRANCE\O
T1/cmr/m/n/10.95 ) = []
 []

[39] [40]
Capitolo 7.
[41

] [42] [43] [44]
Overfull \hbox (39.43013pt too wide) in paragraph at lines 681--682
[]\OT1/cmtt/m/n/10.95 taxonomic = http://www.fao.org/aims/aos/fi/species[]taxon
omic.owl# 
 []


Overfull \hbox (15.22237pt too wide) in paragraph at lines 694--720
 []\OT1/cmr/bx/n/10.95 Esempio[] \OT1/cmr/m/n/10.95 Con-si-de-ria-mo il no-do \
OT1/cmtt/m/n/10.95 14545\OT1/cmr/m/n/10.95 , uri DB-pe-dia: \OT1/cmtt/m/n/10.95
 dbr/Maroon[]clownfish\OT1/cmr/m/n/10.95 . 
 []


Underfull \hbox (badness 10000) in paragraph at lines 694--720

 []


Underfull \hbox (badness 10000) in paragraph at lines 694--720

 []


Underfull \hbox (badness 10000) in paragraph at lines 694--720

 []


Underfull \hbox (badness 10000) in paragraph at lines 694--720

 []


Underfull \hbox (badness 10000) in paragraph at lines 694--720

 []


Underfull \hbox (badness 10000) in paragraph at lines 694--720

 []

[45] [46]
Underfull \hbox (badness 10000) in paragraph at lines 739--750

 []


Underfull \hbox (badness 10000) in paragraph at lines 739--750

 []

[47] [48]
Underfull \hbox (badness 10000) in paragraph at lines 781--784

 []


Underfull \hbox (badness 10000) in paragraph at lines 789--801

 []


Overfull \hbox (23.77054pt too wide) in paragraph at lines 789--801
[] 
 []


Underfull \hbox (badness 10000) in paragraph at lines 789--801

 []


Underfull \hbox (badness 10000) in paragraph at lines 789--801

 []

[49]
Underfull \hbox (badness 10000) in paragraph at lines 802--816

 []


Overfull \hbox (14.34135pt too wide) in paragraph at lines 802--816
[] 
 []


Underfull \hbox (badness 10000) in paragraph at lines 802--816

 []

[50] [51]
Capitolo 8.
[52

] [53] [54] [55] [56]
Overfull \hbox (69.62111pt too wide) in paragraph at lines 892--900
 [][] 
 []

[57]
Overfull \hbox (0.66144pt too wide) in paragraph at lines 921--922
[]\OT1/cmr/m/n/10.95 (GET) \OT1/cmtt/m/n/10.95 api/search/syntax/\OMS/cmtt/m/n/
10.95 f\OT1/cmtt/m/n/10.95 key\OMS/cmtt/m/n/10.95 g\OT1/cmtt/m/n/10.95 ?start=[
0]&size=[5]&lang=[en] 
 []

[58] [59]
Underfull \hbox (badness 10000) in paragraph at lines 967--972

 []

[60]
Underfull \hbox (badness 10000) in paragraph at lines 997--1001

 []

[61] [62] [63] [64]
Overfull \hbox (65.4029pt too wide) in paragraph at lines 1081--1081
[]  \OT1/cmtt/m/n/10.95 "errorMessage": "There are not Flash Product for Flash 
Stand with id 18"[] 
 []

[65] [66]
Capitolo 9.
(./Main.bbl [67

]
Underfull \hbox (badness 4899) in paragraph at lines 25--27
[]\OT1/cmr/m/n/10.95 L. Me-ni-chet-ti, ``Ge-stio-ne di da-ti geo-re-fe-ren-zia-
ti tra-mi-te cloud
 []


Underfull \hbox (badness 3189) in paragraph at lines 25--27
\OT1/cmr/m/n/10.95 com-pu-ting,'' Ma-ster's the-sis, Uni-ver-sit^^Ra de-gli Stu
-di Ro-ma Tre,
 []

)
Package atveryend Info: Empty hook `BeforeClearDocument' on input line 1126.
 [68

]
Package atveryend Info: Empty hook `AfterLastShipout' on input line 1126.
 (./Main.aux)
Package atveryend Info: Executing hook `AtVeryEndDocument' on input line 1126.
Package atveryend Info: Executing hook `AtEndAfterFileList' on input line 1126.

Package rerunfilecheck Info: File `Main.out' has not changed.
(rerunfilecheck)             Checksum: EFCCA602BED5D51CB498D40AA392FCC3;3408.


LaTeX Font Warning: Some font shapes were not available, defaults substituted.

 ) 
Here is how much of TeX's memory you used:
 6989 strings out of 493304
 98365 string characters out of 6139870
 196203 words of memory out of 5000000
 10103 multiletter control sequences out of 15000+600000
 12530 words of font info for 45 fonts, out of 8000000 for 9000
 957 hyphenation exceptions out of 8191
 29i,9n,28p,1322b,487s stack positions out of 5000i,500n,10000p,200000b,80000s
</usr/share/texlive/texmf-dist/fonts/type1/public/amsfonts/cm/cmbx10.pfb></us
r/share/texlive/texmf-dist/fonts/type1/public/amsfonts/cm/cmbx12.pfb></usr/shar
e/texlive/texmf-dist/fonts/type1/public/amsfonts/cm/cmex10.pfb></usr/share/texl
ive/texmf-dist/fonts/type1/public/amsfonts/cm/cmitt10.pfb></usr/share/texlive/t
exmf-dist/fonts/type1/public/amsfonts/cm/cmmi10.pfb></usr/share/texlive/texmf-d
ist/fonts/type1/public/amsfonts/cm/cmmi8.pfb></usr/share/texlive/texmf-dist/fon
ts/type1/public/amsfonts/cm/cmr10.pfb></usr/share/texlive/texmf-dist/fonts/type
1/public/amsfonts/cm/cmr6.pfb></usr/share/texlive/texmf-dist/fonts/type1/public
/amsfonts/cm/cmr8.pfb></usr/share/texlive/texmf-dist/fonts/type1/public/amsfont
s/cm/cmr9.pfb></usr/share/texlive/texmf-dist/fonts/type1/public/amsfonts/cm/cms
y10.pfb></usr/share/texlive/texmf-dist/fonts/type1/public/amsfonts/cm/cmsy8.pfb
></usr/share/texlive/texmf-dist/fonts/type1/public/amsfonts/cm/cmti10.pfb></usr
/share/texlive/texmf-dist/fonts/type1/public/amsfonts/cm/cmtt10.pfb>
Output written on Main.pdf (72 pages, 1525512 bytes).
PDF statistics:
 856 PDF objects out of 1000 (max. 8388607)
 753 compressed objects within 8 object streams
 257 named destinations out of 1000 (max. 500000)
 445 words of extra memory for PDF output out of 10000 (max. 10000000)

